# JRE version: OpenJDK Runtime Environment Temurin-17.0.10+7 (17.0.10+7) (build 17.0.10+7)
# Java VM: OpenJDK 64-Bit Server VM Temurin-17.0.10+7 (17.0.10+7, mixed mode, tiered, compressed oops, compressed class ptrs, g1 gc, linux-amd64)
GC Precious Log:
 CPUs: 16 total, 16 available
 Memory: 31913M
 Large Page Support: Disabled
 NUMA Support: Disabled
 Compressed Oops: Enabled (32-bit)
 Heap Region Size: 1M
 Heap Min Capacity: 256M
 Heap Initial Capacity: 256M
 Heap Max Capacity: 2G
 Pre-touch: Disabled
 Parallel Workers: 13
 Concurrent Workers: 3
 Concurrent Refinement Workers: 13
 Periodic GC: Disabled
 String Deduplication is enabled
Heap:
 garbage-first heap   total 262144K, used 85155K [0x0000000080000000, 0x0000000100000000)
  region size 1024K, 60 young (61440K), 9 survivors (9216K)
 Metaspace       used 45314K, committed 46464K, reserved 1114112K
  class space    used 4942K, committed 5440K, reserved 1048576K
GC Heap History (10 events):
Event: 0,357 GC heap before
{Heap before GC invocations=0 (full 0):
 garbage-first heap   total 262144K, used 22528K [0x0000000080000000, 0x0000000100000000)
  region size 1024K, 23 young (23552K), 0 survivors (0K)
 Metaspace       used 12823K, committed 12928K, reserved 1114112K
  class space    used 1150K, committed 1216K, reserved 1048576K
}
Event: 0,360 GC heap after
{Heap after GC invocations=1 (full 0):
 garbage-first heap   total 262144K, used 7704K [0x0000000080000000, 0x0000000100000000)
  region size 1024K, 3 young (3072K), 3 survivors (3072K)
 Metaspace       used 12823K, committed 12928K, reserved 1114112K
  class space    used 1150K, committed 1216K, reserved 1048576K
}
Event: 0,549 GC heap before
{Heap before GC invocations=1 (full 0):
 garbage-first heap   total 262144K, used 33304K [0x0000000080000000, 0x0000000100000000)
  region size 1024K, 28 young (28672K), 3 survivors (3072K)
 Metaspace       used 16600K, committed 16896K, reserved 1114112K
  class space    used 1534K, committed 1664K, reserved 1048576K
}
Event: 0,553 GC heap after
{Heap after GC invocations=2 (full 0):
 garbage-first heap   total 262144K, used 13464K [0x0000000080000000, 0x0000000100000000)
  region size 1024K, 4 young (4096K), 4 survivors (4096K)
 Metaspace       used 16600K, committed 16896K, reserved 1114112K
  class space    used 1534K, committed 1664K, reserved 1048576K
}
Event: 0,708 GC heap before
{Heap before GC invocations=2 (full 0):
 garbage-first heap   total 262144K, used 40088K [0x0000000080000000, 0x0000000100000000)
  region size 1024K, 31 young (31744K), 4 survivors (4096K)
 Metaspace       used 16728K, committed 17024K, reserved 1114112K
  class space    used 1538K, committed 1664K, reserved 1048576K
}
Event: 0,711 GC heap after
{Heap after GC invocations=3 (full 0):
 garbage-first heap   total 262144K, used 17764K [0x0000000080000000, 0x0000000100000000)
  region size 1024K, 4 young (4096K), 4 survivors (4096K)
 Metaspace       used 16728K, committed 17024K, reserved 1114112K
  class space    used 1538K, committed 1664K, reserved 1048576K
}
Event: 1,549 GC heap before
{Heap before GC invocations=3 (full 0):
 garbage-first heap   total 262144K, used 127332K [0x0000000080000000, 0x0000000100000000)
  region size 1024K, 110 young (112640K), 4 survivors (4096K)
 Metaspace       used 21153K, committed 21504K, reserved 1114112K
  class space    used 1936K, committed 2112K, reserved 1048576K
}
Event: 1,554 GC heap after
{Heap after GC invocations=4 (full 0):
 garbage-first heap   total 262144K, used 25256K [0x0000000080000000, 0x0000000100000000)
  region size 1024K, 13 young (13312K), 13 survivors (13312K)
 Metaspace       used 21153K, committed 21504K, reserved 1114112K
  class space    used 1936K, committed 2112K, reserved 1048576K
}
Event: 2,329 GC heap before
{Heap before GC invocations=5 (full 0):
 garbage-first heap   total 262144K, used 111272K [0x0000000080000000, 0x0000000100000000)
  region size 1024K, 97 young (99328K), 13 survivors (13312K)
 Metaspace       used 35238K, committed 36160K, reserved 1114112K
  class space    used 3481K, committed 3904K, reserved 1048576K
}
Event: 2,335 GC heap after
{Heap after GC invocations=6 (full 0):
 garbage-first heap   total 262144K, used 32931K [0x0000000080000000, 0x0000000100000000)
  region size 1024K, 9 young (9216K), 9 survivors (9216K)
 Metaspace       used 35238K, committed 36160K, reserved 1114112K
  class space    used 3481K, committed 3904K, reserved 1048576K
}

